<?xml version="1.0" encoding="UTF-8"?>
<!-- Generated by org.testng.reporters.JUnitXMLReporter -->
<testsuite hostname="DESKTOP-QN2Q64M" ignored="0" name="Command line test" tests="3" failures="0" timestamp="13 Mar 2017 15:17:03 GMT" time="69.539" errors="0">
  <testcase name="methodOne" time="55.049" classname="com.Maven.Demo.DemoOneTest"/>
  <testcase name="methodThree" time="0.001" classname="com.Maven.Demo.DemoThreeTest"/>
  <testcase name="methodTwo" time="14.446" classname="com.Maven.Demo.DemoTwoTest"/>
</testsuite> <!-- Command line test -->
